<?xml version="1.0" encoding="UTF-8"?>
<!-- Generated by org.testng.reporters.JUnitXMLReporter -->
<testsuite hostname="INGUEUCLP000666" ignored="0" name="Validate Title Test" tests="4" failures="2" timestamp="24 Jul 2019 19:30:22 GMT" time="0.022" errors="0">
  <testcase name="A" time="0.001" classname="testngLearning.DependencyTest2">
    <failure type="java.lang.AssertionError" message="Failed to test dependency">
      <![CDATA[java.lang.AssertionError: Failed to test dependency
at testngLearning.DependencyTest2.A(DependencyTest2.java:15)
... Removed 26 stack frames]]>
    </failure>
  </testcase> <!-- A -->
  <testcase name="D" time="0.0" classname="testngLearning.DependencyTest2">
    <skipped/>
  </testcase> <!-- D -->
  <testcase name="C" time="0.004" classname="testngLearning.DependencyTest2">
    <failure type="java.lang.AssertionError" message="Failed due to some reason">
      <![CDATA[java.lang.AssertionError: Failed due to some reason
at testngLearning.DependencyTest2.C(DependencyTest2.java:28)
... Removed 26 stack frames]]>
    </failure>
  </testcase> <!-- C -->
  <testcase name="B" time="0.0" classname="testngLearning.DependencyTest2">
    <skipped/>
  </testcase> <!-- B -->
</testsuite> <!-- Validate Title Test -->
